<?xml version="1.0" encoding="UTF-8"?>
<!-- Generated by org.testng.reporters.JUnitReportReporter -->
<testsuite hostname="LAPTOP-PHV41HV1" failures="0" tests="1" name="com.inetBanking.testCases.TC_AddNewCustomer_003" time="18.796" errors="0" timestamp="2022-08-31T11:55:42 IST" skipped="0">
  <testcase classname="com.inetBanking.testCases.TC_AddNewCustomer_003" name="addNewCustomer" time="18.796"/>
  <system-out/>
</testsuite> <!-- com.inetBanking.testCases.TC_AddNewCustomer_003 -->
