<?xml version="1.0" encoding="UTF-8"?>
<!-- Generated by org.testng.reporters.JUnitReportReporter -->
<testsuite hostname="LAPTOP-PHV41HV1" failures="0" tests="1" name="com.inetBanking.testCases.TC_LoginPage_001" time="4.243" errors="0" timestamp="2022-09-01T12:16:11 IST" skipped="0">
  <testcase classname="com.inetBanking.testCases.TC_LoginPage_001" name="loginTest" time="4.243"/>
  <system-out/>
</testsuite> <!-- com.inetBanking.testCases.TC_LoginPage_001 -->
