<?xml version="1.0" encoding="UTF-8"?>
<!-- Generated by org.testng.reporters.JUnitReportReporter -->
<testsuite hostname="LAPTOP-PHV41HV1" failures="0" tests="1" name="com.inetBanking.testCases.TC_AddNewCustomer_003" time="16.724" errors="0" timestamp="2022-09-01T12:16:11 IST" skipped="0">
  <testcase classname="com.inetBanking.testCases.TC_AddNewCustomer_003" name="addNewCustomer" time="16.724"/>
  <system-out/>
</testsuite> <!-- com.inetBanking.testCases.TC_AddNewCustomer_003 -->
